2014-10-07 16:01:47 Error: [MissingControllerException] Controller class Favicon.icoController could not be found.
Exception Attributes: array (
  'class' => 'Favicon.icoController',
  'plugin' => NULL,
)
Request URL: /michele/favicon.ico
Stack Trace:
#0 C:\xampp\htdocs\michele\app\webroot\index.php(108): Dispatcher->dispatch(Object(CakeRequest), Object(CakeResponse))
#1 {main}
2014-10-07 16:01:47 Error: [MissingControllerException] Controller class Favicon.icoController could not be found.
Exception Attributes: array (
  'class' => 'Favicon.icoController',
  'plugin' => NULL,
)
Request URL: /michele/favicon.ico
Stack Trace:
#0 C:\xampp\htdocs\michele\app\webroot\index.php(108): Dispatcher->dispatch(Object(CakeRequest), Object(CakeResponse))
#1 {main}
2014-10-13 10:07:29 Error: [MissingControllerException] Controller class Favicon.icoController could not be found.
Exception Attributes: array (
  'class' => 'Favicon.icoController',
  'plugin' => NULL,
)
Request URL: /michele/favicon.ico
Stack Trace:
#0 C:\xampp\htdocs\michele\app\webroot\index.php(108): Dispatcher->dispatch(Object(CakeRequest), Object(CakeResponse))
#1 {main}
2014-10-13 10:07:29 Error: [MissingControllerException] Controller class Favicon.icoController could not be found.
Exception Attributes: array (
  'class' => 'Favicon.icoController',
  'plugin' => NULL,
)
Request URL: /michele/favicon.ico
Stack Trace:
#0 C:\xampp\htdocs\michele\app\webroot\index.php(108): Dispatcher->dispatch(Object(CakeRequest), Object(CakeResponse))
#1 {main}
2014-10-13 17:17:34 Error: [MissingControllerException] Controller class Favicon.icoController could not be found.
Exception Attributes: array (
  'class' => 'Favicon.icoController',
  'plugin' => NULL,
)
Request URL: /michele/favicon.ico
Stack Trace:
#0 C:\xampp\htdocs\michele\app\webroot\index.php(108): Dispatcher->dispatch(Object(CakeRequest), Object(CakeResponse))
#1 {main}
2014-10-13 17:17:34 Error: [MissingControllerException] Controller class Favicon.icoController could not be found.
Exception Attributes: array (
  'class' => 'Favicon.icoController',
  'plugin' => NULL,
)
Request URL: /michele/favicon.ico
Stack Trace:
#0 C:\xampp\htdocs\michele\app\webroot\index.php(108): Dispatcher->dispatch(Object(CakeRequest), Object(CakeResponse))
#1 {main}
2014-10-13 17:22:32 Error: [MissingControllerException] Controller class Favicon.icoController could not be found.
Exception Attributes: array (
  'class' => 'Favicon.icoController',
  'plugin' => NULL,
)
Request URL: /michele/favicon.ico
Stack Trace:
#0 C:\xampp\htdocs\michele\app\webroot\index.php(108): Dispatcher->dispatch(Object(CakeRequest), Object(CakeResponse))
#1 {main}
2014-10-13 17:22:32 Error: [MissingControllerException] Controller class Favicon.icoController could not be found.
Exception Attributes: array (
  'class' => 'Favicon.icoController',
  'plugin' => NULL,
)
Request URL: /michele/favicon.ico
Stack Trace:
#0 C:\xampp\htdocs\michele\app\webroot\index.php(108): Dispatcher->dispatch(Object(CakeRequest), Object(CakeResponse))
#1 {main}
2014-10-13 17:25:16 Error: [MissingControllerException] Controller class PortfolioController could not be found.
Exception Attributes: array (
  'class' => 'PortfolioController',
  'plugin' => NULL,
)
Request URL: /michele/portfolio
Stack Trace:
#0 C:\xampp\htdocs\michele\app\webroot\index.php(108): Dispatcher->dispatch(Object(CakeRequest), Object(CakeResponse))
#1 {main}
2014-10-13 17:27:49 Error: [MissingControllerException] Controller class PortfolioController could not be found.
Exception Attributes: array (
  'class' => 'PortfolioController',
  'plugin' => NULL,
)
Request URL: /michele/portfolio
Stack Trace:
#0 C:\xampp\htdocs\michele\app\webroot\index.php(108): Dispatcher->dispatch(Object(CakeRequest), Object(CakeResponse))
#1 {main}
2014-10-13 17:28:15 Error: [MissingActionException] Action PortfolioController::index() could not be found.
Exception Attributes: array (
  'controller' => 'PortfolioController',
  'action' => 'index',
)
Request URL: /michele/portfolio
Stack Trace:
#0 C:\xampp\htdocs\michele\lib\Cake\Routing\Dispatcher.php(191): Controller->invokeAction(Object(CakeRequest))
#1 C:\xampp\htdocs\michele\lib\Cake\Routing\Dispatcher.php(165): Dispatcher->_invoke(Object(PortfolioController), Object(CakeRequest))
#2 C:\xampp\htdocs\michele\app\webroot\index.php(108): Dispatcher->dispatch(Object(CakeRequest), Object(CakeResponse))
#3 {main}
2014-10-13 17:28:15 Error: [MissingControllerException] Controller class Favicon.icoController could not be found.
Exception Attributes: array (
  'class' => 'Favicon.icoController',
  'plugin' => NULL,
)
Request URL: /michele/favicon.ico
Stack Trace:
#0 C:\xampp\htdocs\michele\app\webroot\index.php(108): Dispatcher->dispatch(Object(CakeRequest), Object(CakeResponse))
#1 {main}
2014-10-13 17:28:15 Error: [MissingControllerException] Controller class Favicon.icoController could not be found.
Exception Attributes: array (
  'class' => 'Favicon.icoController',
  'plugin' => NULL,
)
Request URL: /michele/favicon.ico
Stack Trace:
#0 C:\xampp\htdocs\michele\app\webroot\index.php(108): Dispatcher->dispatch(Object(CakeRequest), Object(CakeResponse))
#1 {main}
2014-10-13 17:28:59 Error: [MissingViewException] View file "C:\xampp\htdocs\michele\app\View\Portfolio\index.ctp" is missing.
Exception Attributes: array (
  'file' => 'C:\\xampp\\htdocs\\michele\\app\\View\\Portfolio\\index.ctp',
)
Request URL: /michele/portfolio
Stack Trace:
#0 C:\xampp\htdocs\michele\lib\Cake\View\View.php(468): View->_getViewFileName(NULL)
#1 C:\xampp\htdocs\michele\lib\Cake\Controller\Controller.php(954): View->render(NULL, NULL)
#2 C:\xampp\htdocs\michele\lib\Cake\Routing\Dispatcher.php(198): Controller->render()
#3 C:\xampp\htdocs\michele\lib\Cake\Routing\Dispatcher.php(165): Dispatcher->_invoke(Object(PortfolioController), Object(CakeRequest))
#4 C:\xampp\htdocs\michele\app\webroot\index.php(108): Dispatcher->dispatch(Object(CakeRequest), Object(CakeResponse))
#5 {main}
2014-10-13 17:28:59 Error: [MissingControllerException] Controller class Favicon.icoController could not be found.
Exception Attributes: array (
  'class' => 'Favicon.icoController',
  'plugin' => NULL,
)
Request URL: /michele/favicon.ico
Stack Trace:
#0 C:\xampp\htdocs\michele\app\webroot\index.php(108): Dispatcher->dispatch(Object(CakeRequest), Object(CakeResponse))
#1 {main}
2014-10-13 17:28:59 Error: [MissingControllerException] Controller class Favicon.icoController could not be found.
Exception Attributes: array (
  'class' => 'Favicon.icoController',
  'plugin' => NULL,
)
Request URL: /michele/favicon.ico
Stack Trace:
#0 C:\xampp\htdocs\michele\app\webroot\index.php(108): Dispatcher->dispatch(Object(CakeRequest), Object(CakeResponse))
#1 {main}
2014-10-13 17:30:18 Error: [MissingControllerException] Controller class Favicon.icoController could not be found.
Exception Attributes: array (
  'class' => 'Favicon.icoController',
  'plugin' => NULL,
)
Request URL: /michele/favicon.ico
Stack Trace:
#0 C:\xampp\htdocs\michele\app\webroot\index.php(108): Dispatcher->dispatch(Object(CakeRequest), Object(CakeResponse))
#1 {main}
2014-10-13 17:30:19 Error: [MissingControllerException] Controller class Favicon.icoController could not be found.
Exception Attributes: array (
  'class' => 'Favicon.icoController',
  'plugin' => NULL,
)
Request URL: /michele/favicon.ico
Stack Trace:
#0 C:\xampp\htdocs\michele\app\webroot\index.php(108): Dispatcher->dispatch(Object(CakeRequest), Object(CakeResponse))
#1 {main}
2014-10-13 17:30:55 Error: [MissingControllerException] Controller class Favicon.icoController could not be found.
Exception Attributes: array (
  'class' => 'Favicon.icoController',
  'plugin' => NULL,
)
Request URL: /michele/favicon.ico
Stack Trace:
#0 C:\xampp\htdocs\michele\app\webroot\index.php(108): Dispatcher->dispatch(Object(CakeRequest), Object(CakeResponse))
#1 {main}
2014-10-13 17:30:55 Error: [MissingControllerException] Controller class Favicon.icoController could not be found.
Exception Attributes: array (
  'class' => 'Favicon.icoController',
  'plugin' => NULL,
)
Request URL: /michele/favicon.ico
Stack Trace:
#0 C:\xampp\htdocs\michele\app\webroot\index.php(108): Dispatcher->dispatch(Object(CakeRequest), Object(CakeResponse))
#1 {main}
2014-10-13 17:34:08 Error: [MissingControllerException] Controller class Favicon.icoController could not be found.
Exception Attributes: array (
  'class' => 'Favicon.icoController',
  'plugin' => NULL,
)
Request URL: /michele/favicon.ico
Stack Trace:
#0 C:\xampp\htdocs\michele\app\webroot\index.php(108): Dispatcher->dispatch(Object(CakeRequest), Object(CakeResponse))
#1 {main}
2014-10-13 17:34:08 Error: [MissingControllerException] Controller class Favicon.icoController could not be found.
Exception Attributes: array (
  'class' => 'Favicon.icoController',
  'plugin' => NULL,
)
Request URL: /michele/favicon.ico
Stack Trace:
#0 C:\xampp\htdocs\michele\app\webroot\index.php(108): Dispatcher->dispatch(Object(CakeRequest), Object(CakeResponse))
#1 {main}
2014-10-13 17:34:50 Error: [MissingControllerException] Controller class Favicon.icoController could not be found.
Exception Attributes: array (
  'class' => 'Favicon.icoController',
  'plugin' => NULL,
)
Request URL: /michele/favicon.ico
Stack Trace:
#0 C:\xampp\htdocs\michele\app\webroot\index.php(108): Dispatcher->dispatch(Object(CakeRequest), Object(CakeResponse))
#1 {main}
2014-10-13 17:34:50 Error: [MissingControllerException] Controller class Favicon.icoController could not be found.
Exception Attributes: array (
  'class' => 'Favicon.icoController',
  'plugin' => NULL,
)
Request URL: /michele/favicon.ico
Stack Trace:
#0 C:\xampp\htdocs\michele\app\webroot\index.php(108): Dispatcher->dispatch(Object(CakeRequest), Object(CakeResponse))
#1 {main}
2014-10-13 17:38:57 Error: [MissingControllerException] Controller class Favicon.icoController could not be found.
Exception Attributes: array (
  'class' => 'Favicon.icoController',
  'plugin' => NULL,
)
Request URL: /michele/favicon.ico
Stack Trace:
#0 C:\xampp\htdocs\michele\app\webroot\index.php(108): Dispatcher->dispatch(Object(CakeRequest), Object(CakeResponse))
#1 {main}
2014-10-13 17:38:57 Error: [MissingControllerException] Controller class Favicon.icoController could not be found.
Exception Attributes: array (
  'class' => 'Favicon.icoController',
  'plugin' => NULL,
)
Request URL: /michele/favicon.ico
Stack Trace:
#0 C:\xampp\htdocs\michele\app\webroot\index.php(108): Dispatcher->dispatch(Object(CakeRequest), Object(CakeResponse))
#1 {main}
2014-10-13 17:41:00 Error: [MissingControllerException] Controller class Favicon.icoController could not be found.
Exception Attributes: array (
  'class' => 'Favicon.icoController',
  'plugin' => NULL,
)
Request URL: /michele/favicon.ico
Stack Trace:
#0 C:\xampp\htdocs\michele\app\webroot\index.php(108): Dispatcher->dispatch(Object(CakeRequest), Object(CakeResponse))
#1 {main}
2014-10-13 17:41:00 Error: [MissingControllerException] Controller class Favicon.icoController could not be found.
Exception Attributes: array (
  'class' => 'Favicon.icoController',
  'plugin' => NULL,
)
Request URL: /michele/favicon.ico
Stack Trace:
#0 C:\xampp\htdocs\michele\app\webroot\index.php(108): Dispatcher->dispatch(Object(CakeRequest), Object(CakeResponse))
#1 {main}
2014-10-13 17:47:05 Error: [MissingLayoutException] Layout file "C:\xampp\htdocs\michele\app\View\Layouts\Portfolio.ctp" is missing.
Exception Attributes: array (
  'file' => 'C:\\xampp\\htdocs\\michele\\app\\View\\Layouts\\Portfolio.ctp',
)
Request URL: /michele/portfolio
Stack Trace:
#0 C:\xampp\htdocs\michele\lib\Cake\View\View.php(510): View->_getLayoutFileName('Portfolio')
#1 C:\xampp\htdocs\michele\lib\Cake\View\View.php(479): View->renderLayout('', 'Portfolio')
#2 C:\xampp\htdocs\michele\lib\Cake\Controller\Controller.php(954): View->render(NULL, NULL)
#3 C:\xampp\htdocs\michele\lib\Cake\Routing\Dispatcher.php(198): Controller->render()
#4 C:\xampp\htdocs\michele\lib\Cake\Routing\Dispatcher.php(165): Dispatcher->_invoke(Object(PortfolioController), Object(CakeRequest))
#5 C:\xampp\htdocs\michele\app\webroot\index.php(108): Dispatcher->dispatch(Object(CakeRequest), Object(CakeResponse))
#6 {main}
2014-10-13 17:47:29 Error: [MissingLayoutException] Layout file "C:\xampp\htdocs\michele\app\View\Layouts\Portfolio.index.ctp" is missing.
Exception Attributes: array (
  'file' => 'C:\\xampp\\htdocs\\michele\\app\\View\\Layouts\\Portfolio.index.ctp',
)
Request URL: /michele/portfolio
Stack Trace:
#0 C:\xampp\htdocs\michele\lib\Cake\View\View.php(510): View->_getLayoutFileName('Portfolio.index')
#1 C:\xampp\htdocs\michele\lib\Cake\View\View.php(479): View->renderLayout('', 'Portfolio.index')
#2 C:\xampp\htdocs\michele\lib\Cake\Controller\Controller.php(954): View->render(NULL, NULL)
#3 C:\xampp\htdocs\michele\lib\Cake\Routing\Dispatcher.php(198): Controller->render()
#4 C:\xampp\htdocs\michele\lib\Cake\Routing\Dispatcher.php(165): Dispatcher->_invoke(Object(PortfolioController), Object(CakeRequest))
#5 C:\xampp\htdocs\michele\app\webroot\index.php(108): Dispatcher->dispatch(Object(CakeRequest), Object(CakeResponse))
#6 {main}
2014-10-13 17:47:29 Error: [MissingControllerException] Controller class Favicon.icoController could not be found.
Exception Attributes: array (
  'class' => 'Favicon.icoController',
  'plugin' => NULL,
)
Request URL: /michele/favicon.ico
Stack Trace:
#0 C:\xampp\htdocs\michele\app\webroot\index.php(108): Dispatcher->dispatch(Object(CakeRequest), Object(CakeResponse))
#1 {main}
2014-10-13 17:47:29 Error: [MissingControllerException] Controller class Favicon.icoController could not be found.
Exception Attributes: array (
  'class' => 'Favicon.icoController',
  'plugin' => NULL,
)
Request URL: /michele/favicon.ico
Stack Trace:
#0 C:\xampp\htdocs\michele\app\webroot\index.php(108): Dispatcher->dispatch(Object(CakeRequest), Object(CakeResponse))
#1 {main}
2014-10-13 17:47:49 Error: [MissingControllerException] Controller class Favicon.icoController could not be found.
Exception Attributes: array (
  'class' => 'Favicon.icoController',
  'plugin' => NULL,
)
Request URL: /michele/favicon.ico
Stack Trace:
#0 C:\xampp\htdocs\michele\app\webroot\index.php(108): Dispatcher->dispatch(Object(CakeRequest), Object(CakeResponse))
#1 {main}
2014-10-13 17:47:49 Error: [MissingControllerException] Controller class Favicon.icoController could not be found.
Exception Attributes: array (
  'class' => 'Favicon.icoController',
  'plugin' => NULL,
)
Request URL: /michele/favicon.ico
Stack Trace:
#0 C:\xampp\htdocs\michele\app\webroot\index.php(108): Dispatcher->dispatch(Object(CakeRequest), Object(CakeResponse))
#1 {main}
2014-10-14 10:26:18 Error: [MissingControllerException] Controller class Favicon.icoController could not be found.
Exception Attributes: array (
  'class' => 'Favicon.icoController',
  'plugin' => NULL,
)
Request URL: /michele/favicon.ico
Stack Trace:
#0 C:\xampp\htdocs\michele\app\webroot\index.php(108): Dispatcher->dispatch(Object(CakeRequest), Object(CakeResponse))
#1 {main}
2014-10-14 10:32:50 Error: [MissingControllerException] Controller class Favicon.icoController could not be found.
Exception Attributes: array (
  'class' => 'Favicon.icoController',
  'plugin' => NULL,
)
Request URL: /michele/favicon.ico
Stack Trace:
#0 C:\xampp\htdocs\michele\app\webroot\index.php(108): Dispatcher->dispatch(Object(CakeRequest), Object(CakeResponse))
#1 {main}
2014-10-14 10:32:50 Error: [MissingControllerException] Controller class Favicon.icoController could not be found.
Exception Attributes: array (
  'class' => 'Favicon.icoController',
  'plugin' => NULL,
)
Request URL: /michele/favicon.ico
Stack Trace:
#0 C:\xampp\htdocs\michele\app\webroot\index.php(108): Dispatcher->dispatch(Object(CakeRequest), Object(CakeResponse))
#1 {main}
2014-10-14 10:33:11 Error: [MissingControllerException] Controller class Favicon.icoController could not be found.
Exception Attributes: array (
  'class' => 'Favicon.icoController',
  'plugin' => NULL,
)
Request URL: /michele/favicon.ico
Stack Trace:
#0 C:\xampp\htdocs\michele\app\webroot\index.php(108): Dispatcher->dispatch(Object(CakeRequest), Object(CakeResponse))
#1 {main}
2014-10-14 10:33:11 Error: [MissingControllerException] Controller class Favicon.icoController could not be found.
Exception Attributes: array (
  'class' => 'Favicon.icoController',
  'plugin' => NULL,
)
Request URL: /michele/favicon.ico
Stack Trace:
#0 C:\xampp\htdocs\michele\app\webroot\index.php(108): Dispatcher->dispatch(Object(CakeRequest), Object(CakeResponse))
#1 {main}
2014-10-14 10:35:50 Error: [MissingControllerException] Controller class Favicon.icoController could not be found.
Exception Attributes: array (
  'class' => 'Favicon.icoController',
  'plugin' => NULL,
)
Request URL: /michele/favicon.ico
Stack Trace:
#0 C:\xampp\htdocs\michele\app\webroot\index.php(108): Dispatcher->dispatch(Object(CakeRequest), Object(CakeResponse))
#1 {main}
2014-10-14 10:35:50 Error: [MissingControllerException] Controller class Favicon.icoController could not be found.
Exception Attributes: array (
  'class' => 'Favicon.icoController',
  'plugin' => NULL,
)
Request URL: /michele/favicon.ico
Stack Trace:
#0 C:\xampp\htdocs\michele\app\webroot\index.php(108): Dispatcher->dispatch(Object(CakeRequest), Object(CakeResponse))
#1 {main}
2014-10-14 10:36:51 Error: [MissingControllerException] Controller class Favicon.icoController could not be found.
Exception Attributes: array (
  'class' => 'Favicon.icoController',
  'plugin' => NULL,
)
Request URL: /michele/favicon.ico
Stack Trace:
#0 C:\xampp\htdocs\michele\app\webroot\index.php(108): Dispatcher->dispatch(Object(CakeRequest), Object(CakeResponse))
#1 {main}
2014-10-14 10:36:51 Error: [MissingControllerException] Controller class Favicon.icoController could not be found.
Exception Attributes: array (
  'class' => 'Favicon.icoController',
  'plugin' => NULL,
)
Request URL: /michele/favicon.ico
Stack Trace:
#0 C:\xampp\htdocs\michele\app\webroot\index.php(108): Dispatcher->dispatch(Object(CakeRequest), Object(CakeResponse))
#1 {main}
2014-10-14 14:50:29 Error: [MissingControllerException] Controller class Favicon.icoController could not be found.
Exception Attributes: array (
  'class' => 'Favicon.icoController',
  'plugin' => NULL,
)
Request URL: /michele/favicon.ico
Stack Trace:
#0 C:\xampp\htdocs\michele\app\webroot\index.php(108): Dispatcher->dispatch(Object(CakeRequest), Object(CakeResponse))
#1 {main}
2014-10-14 14:50:29 Error: [MissingControllerException] Controller class Favicon.icoController could not be found.
Exception Attributes: array (
  'class' => 'Favicon.icoController',
  'plugin' => NULL,
)
Request URL: /michele/favicon.ico
Stack Trace:
#0 C:\xampp\htdocs\michele\app\webroot\index.php(108): Dispatcher->dispatch(Object(CakeRequest), Object(CakeResponse))
#1 {main}
2014-10-14 14:53:40 Error: Fatal Error (1): Call to a member function find() on a non-object in [C:\xampp\htdocs\michele\app\Controller\PortfolioController.php, line 21]
2014-10-14 14:53:40 Error: [FatalErrorException] Call to a member function find() on a non-object
Request URL: /michele/portfolio
Stack Trace:
#0 C:\xampp\htdocs\michele\lib\Cake\Error\ErrorHandler.php(203): ErrorHandler::handleFatalError(1, 'Call to a membe...', 'C:\\xampp\\htdocs...', 21)
#1 [internal function]: ErrorHandler::handleError(1, 'Call to a membe...', 'C:\\xampp\\htdocs...', 21, Array)
#2 C:\xampp\htdocs\michele\lib\Cake\Core\App.php(931): call_user_func('ErrorHandler::h...', 1, 'Call to a membe...', 'C:\\xampp\\htdocs...', 21, Array)
#3 C:\xampp\htdocs\michele\lib\Cake\Core\App.php(904): App::_checkFatalError()
#4 [internal function]: App::shutdown()
#5 {main}
2014-10-14 14:53:41 Error: [MissingControllerException] Controller class Favicon.icoController could not be found.
Exception Attributes: array (
  'class' => 'Favicon.icoController',
  'plugin' => NULL,
)
Request URL: /michele/favicon.ico
Stack Trace:
#0 C:\xampp\htdocs\michele\app\webroot\index.php(108): Dispatcher->dispatch(Object(CakeRequest), Object(CakeResponse))
#1 {main}
2014-10-14 14:53:41 Error: [MissingControllerException] Controller class Favicon.icoController could not be found.
Exception Attributes: array (
  'class' => 'Favicon.icoController',
  'plugin' => NULL,
)
Request URL: /michele/favicon.ico
Stack Trace:
#0 C:\xampp\htdocs\michele\app\webroot\index.php(108): Dispatcher->dispatch(Object(CakeRequest), Object(CakeResponse))
#1 {main}
2014-10-14 14:56:06 Error: [MissingConnectionException] Database connection "Mysql" is missing, or could not be created.
Exception Attributes: array (
  'class' => 'Mysql',
  'message' => 'SQLSTATE[HY000] [2002] No connection could be made because the target machine actively refused it.
',
  'enabled' => true,
)
Request URL: /michele/portfolio
Stack Trace:
#0 C:\xampp\htdocs\michele\lib\Cake\Model\Datasource\DboSource.php(260): Mysql->connect()
#1 C:\xampp\htdocs\michele\lib\Cake\Model\ConnectionManager.php(105): DboSource->__construct(Array)
#2 C:\xampp\htdocs\michele\lib\Cake\Model\Model.php(3524): ConnectionManager::getDataSource('default')
#3 C:\xampp\htdocs\michele\lib\Cake\Model\Model.php(1136): Model->setDataSource('default')
#4 C:\xampp\htdocs\michele\lib\Cake\Model\Model.php(3551): Model->setSource('flickrs')
#5 C:\xampp\htdocs\michele\lib\Cake\Model\Model.php(2947): Model->getDataSource()
#6 C:\xampp\htdocs\michele\lib\Cake\Model\Model.php(2919): Model->_readDataSource('all', Array)
#7 C:\xampp\htdocs\michele\app\Controller\PortfolioController.php(18): Model->find('all')
#8 [internal function]: PortfolioController->index()
#9 C:\xampp\htdocs\michele\lib\Cake\Controller\Controller.php(490): ReflectionMethod->invokeArgs(Object(PortfolioController), Array)
#10 C:\xampp\htdocs\michele\lib\Cake\Routing\Dispatcher.php(191): Controller->invokeAction(Object(CakeRequest))
#11 C:\xampp\htdocs\michele\lib\Cake\Routing\Dispatcher.php(165): Dispatcher->_invoke(Object(PortfolioController), Object(CakeRequest))
#12 C:\xampp\htdocs\michele\app\webroot\index.php(108): Dispatcher->dispatch(Object(CakeRequest), Object(CakeResponse))
#13 {main}
2014-10-14 14:56:06 Error: [MissingControllerException] Controller class Favicon.icoController could not be found.
Exception Attributes: array (
  'class' => 'Favicon.icoController',
  'plugin' => NULL,
)
Request URL: /michele/favicon.ico
Stack Trace:
#0 C:\xampp\htdocs\michele\app\webroot\index.php(108): Dispatcher->dispatch(Object(CakeRequest), Object(CakeResponse))
#1 {main}
2014-10-14 14:56:06 Error: [MissingControllerException] Controller class Favicon.icoController could not be found.
Exception Attributes: array (
  'class' => 'Favicon.icoController',
  'plugin' => NULL,
)
Request URL: /michele/favicon.ico
Stack Trace:
#0 C:\xampp\htdocs\michele\app\webroot\index.php(108): Dispatcher->dispatch(Object(CakeRequest), Object(CakeResponse))
#1 {main}
2014-10-14 14:58:20 Error: [MissingConnectionException] Database connection "Mysql" is missing, or could not be created.
Exception Attributes: array (
  'class' => 'Mysql',
  'message' => 'SQLSTATE[HY000] [2002] No connection could be made because the target machine actively refused it.
',
  'enabled' => true,
)
Request URL: /michele/portfolio
Stack Trace:
#0 C:\xampp\htdocs\michele\lib\Cake\Model\Datasource\DboSource.php(260): Mysql->connect()
#1 C:\xampp\htdocs\michele\lib\Cake\Model\ConnectionManager.php(105): DboSource->__construct(Array)
#2 C:\xampp\htdocs\michele\lib\Cake\Model\Model.php(3524): ConnectionManager::getDataSource('default')
#3 C:\xampp\htdocs\michele\lib\Cake\Model\Model.php(1136): Model->setDataSource('default')
#4 C:\xampp\htdocs\michele\lib\Cake\Model\Model.php(3551): Model->setSource('flickrs')
#5 C:\xampp\htdocs\michele\lib\Cake\Model\Model.php(2947): Model->getDataSource()
#6 C:\xampp\htdocs\michele\lib\Cake\Model\Model.php(2919): Model->_readDataSource('all', Array)
#7 C:\xampp\htdocs\michele\app\Controller\PortfolioController.php(18): Model->find('all')
#8 [internal function]: PortfolioController->index()
#9 C:\xampp\htdocs\michele\lib\Cake\Controller\Controller.php(490): ReflectionMethod->invokeArgs(Object(PortfolioController), Array)
#10 C:\xampp\htdocs\michele\lib\Cake\Routing\Dispatcher.php(191): Controller->invokeAction(Object(CakeRequest))
#11 C:\xampp\htdocs\michele\lib\Cake\Routing\Dispatcher.php(165): Dispatcher->_invoke(Object(PortfolioController), Object(CakeRequest))
#12 C:\xampp\htdocs\michele\app\webroot\index.php(108): Dispatcher->dispatch(Object(CakeRequest), Object(CakeResponse))
#13 {main}
